 ***********************************************************
 **************** SPIN CHAIN PROGRAM OUTPUT ****************
 ***********************************************************
            © Marta P. Estarellas, 27/07/2016              
                    University of York                     
                    28/ 2/2018  20:40
 -----------------------------------------------------------


BASIS VECTORS:
           1 -->           0           0           0           0
           2 -->           1           0           0           0
           3 -->           0           1           0           0
           4 -->           0           0           1           0
           5 -->           0           0           0           1

COUPLING PATTERN:
(spin  1)-(spin  2) -->  0.89
(spin  2)-(spin  3) -->  1.03
(spin  3)-(spin  4) -->  0.89

HAMILTONIAN MATRIX:
   0.0000000000000000        0.0000000000000000        0.0000000000000000        0.0000000000000000        0.0000000000000000     
   0.0000000000000000        0.0000000000000000       0.89442717494652946        0.0000000000000000        0.0000000000000000     
   0.0000000000000000       0.89442717494652946        0.0000000000000000        1.0327955589886444        0.0000000000000000     
   0.0000000000000000        0.0000000000000000        1.0327955589886444        0.0000000000000000       0.89442717494652946     
   0.0000000000000000        0.0000000000000000        0.0000000000000000       0.89442717494652946        0.0000000000000000     

EIGENVALUES:
  -1.5491933245803262     
 -0.51639776559168193     
  0.51639776559168171     
   1.5491933245803264     

EIGENVECTORS
      Eigenvector1:   Eigenvector2:   Eigenvector3:   Eigenvector4:   Eigenvector5:
   1 (  0.000  0.000)(  0.000  0.000)(  1.000  0.000)(  0.000  0.000)(  0.000  0.000)
   2 (  0.354  0.000)( -0.612  0.000)(  0.000  0.000)( -0.612  0.000)(  0.354  0.000)
   3 ( -0.612  0.000)(  0.354  0.000)(  0.000  0.000)( -0.354  0.000)(  0.612  0.000)
   4 (  0.612  0.000)(  0.354  0.000)(  0.000  0.000)(  0.354  0.000)(  0.612  0.000)
   5 ( -0.354  0.000)( -0.612  0.000)(  0.000  0.000)(  0.612  0.000)(  0.354  0.000)
