 ***********************************************************
 **************** SPIN CHAIN PROGRAM OUTPUT ****************
 ***********************************************************
            © Marta P. Estarellas, 27/07/2016              
                    University of York                     
                    17/ 4/2018  15:23
 -----------------------------------------------------------


NUMBER OF SITES = 10  
NUMBER OF EXCITATIONS = 1   
TOPOLOGY = LINEAR
COUPLING CONFIGURATION = PST
INITIAL INJECTED VECTOR INDEX =   2                             
DIAGONAL DISORDER = 1.00    
OFF-DIAGONAL DISORDER = NO
TOTAL TIME = 20.00   
TIME STEP = 0.00    

BASIS VECTORS:
           1 -->           0           0           0           0           0           0           0           0           0           0
           2 -->           1           0           0           0           0           0           0           0           0           0
           3 -->           0           1           0           0           0           0           0           0           0           0
           4 -->           0           0           1           0           0           0           0           0           0           0
           5 -->           0           0           0           1           0           0           0           0           0           0
           6 -->           0           0           0           0           1           0           0           0           0           0
           7 -->           0           0           0           0           0           1           0           0           0           0
           8 -->           0           0           0           0           0           0           1           0           0           0
           9 -->           0           0           0           0           0           0           0           1           0           0
          10 -->           0           0           0           0           0           0           0           0           1           0
          11 -->           0           0           0           0           0           0           0           0           0           1

COUPLING PATTERN:
(spin  1)-(spin  2) -->  0.60
(spin  2)-(spin  3) -->  0.80
(spin  3)-(spin  4) -->  0.92
(spin  4)-(spin  5) -->  0.98
(spin  5)-(spin  6) -->  1.01
(spin  6)-(spin  7) -->  0.98
(spin  7)-(spin  8) -->  0.92
(spin  8)-(spin  9) -->  0.80
(spin  9)-(spin 10) -->  0.60

HAMILTONIAN MATRIX:
   0.0000000000000000        0.0000000000000000        0.0000000000000000        0.0000000000000000        0.0000000000000000        0.0000000000000000        0.0000000000000000        0.0000000000000000        0.0000000000000000        0.0000000000000000        0.0000000000000000     
   0.0000000000000000        0.0000000000000000       0.60302268915552726        0.0000000000000000        0.0000000000000000        0.0000000000000000        0.0000000000000000        0.0000000000000000        0.0000000000000000        0.0000000000000000        0.0000000000000000     
   0.0000000000000000       0.60302268915552726        0.0000000000000000       0.80403025220736968        0.0000000000000000        0.0000000000000000        0.0000000000000000        0.0000000000000000        0.0000000000000000        0.0000000000000000        0.0000000000000000     
   0.0000000000000000        0.0000000000000000       0.80403025220736968        0.0000000000000000       0.92113239366330057        0.0000000000000000        0.0000000000000000        0.0000000000000000        0.0000000000000000        0.0000000000000000        0.0000000000000000     
   0.0000000000000000        0.0000000000000000        0.0000000000000000       0.92113239366330057        0.0000000000000000       0.98473196367079696        0.0000000000000000        0.0000000000000000        0.0000000000000000        0.0000000000000000        0.0000000000000000     
   0.0000000000000000        0.0000000000000000        0.0000000000000000        0.0000000000000000       0.98473196367079696        0.0000000000000000        1.0050378152592121        0.0000000000000000        0.0000000000000000        0.0000000000000000        0.0000000000000000     
   0.0000000000000000        0.0000000000000000        0.0000000000000000        0.0000000000000000        0.0000000000000000        1.0050378152592121        0.0000000000000000       0.98473196367079696        0.0000000000000000        0.0000000000000000        0.0000000000000000     
   0.0000000000000000        0.0000000000000000        0.0000000000000000        0.0000000000000000        0.0000000000000000        0.0000000000000000       0.98473196367079696        0.0000000000000000       0.92113239366330057        0.0000000000000000        0.0000000000000000     
   0.0000000000000000        0.0000000000000000        0.0000000000000000        0.0000000000000000        0.0000000000000000        0.0000000000000000        0.0000000000000000       0.92113239366330057        0.0000000000000000       0.80403025220736968        0.0000000000000000     
   0.0000000000000000        0.0000000000000000        0.0000000000000000        0.0000000000000000        0.0000000000000000        0.0000000000000000        0.0000000000000000        0.0000000000000000       0.80403025220736968        0.0000000000000000       0.60302268915552726     
   0.0000000000000000        0.0000000000000000        0.0000000000000000        0.0000000000000000        0.0000000000000000        0.0000000000000000        0.0000000000000000        0.0000000000000000        0.0000000000000000       0.60302268915552726        0.0000000000000000     

EIGENVALUES:
  -1.7929078474629561     
  -1.3659354481634494     
  -1.1224376136747678     
 -0.61561499592110946     
 -0.23118569158369631     
   0.0000000000000000     
  0.15211593566102644     
  0.62179892535582337     
  0.95712473614996130     
   1.5069720740537107     
   1.9366858461024052     

EIGENVECTORS
      Eigenvector1:   Eigenvector2:   Eigenvector3:   Eigenvector4:   Eigenvector5:   Eigenvector6:   Eigenvector7:   Eigenvector8:   Eigenvector9:   Eigenvector10:   Eigenvector11:
   1 ( -0.000 -0.000)(  0.000  0.000)(  0.000  0.000)(  0.000  0.000)(  0.000  0.000)(  1.000  0.000)(  0.000  0.000)(  0.000  0.000)(  0.000  0.000)(  0.000  0.000)(  0.000  0.000)
   2 (  0.035 -0.000)( -0.197  0.000)(  0.358  0.000)( -0.523  0.000)(  0.369  0.000)(  0.000  0.000)(  0.569  0.000)(  0.213  0.000)( -0.212  0.000)(  0.076  0.000)(  0.040  0.000)
   3 ( -0.089 -0.000)(  0.360  0.000)( -0.508  0.000)(  0.302  0.000)(  0.022  0.000)(  0.000  0.000)(  0.396  0.000)(  0.314  0.000)( -0.430  0.000)(  0.225  0.000)(  0.148  0.000)
   4 (  0.155 -0.000)( -0.393  0.000)(  0.342  0.000)(  0.220  0.000)( -0.279  0.000)(  0.000  0.000)( -0.275  0.000)(  0.144  0.000)( -0.437  0.000)(  0.408  0.000)(  0.354  0.000)
   5 ( -0.269 -0.000)(  0.383  0.000)( -0.072  0.000)( -0.475  0.000)(  0.132  0.000)(  0.000  0.000)( -0.311  0.000)( -0.219  0.000)(  0.048  0.000)(  0.352  0.000)(  0.512  0.000)
   6 (  0.417 -0.000)( -0.266  0.000)( -0.218  0.000)(  0.218  0.000)(  0.194  0.000)(  0.000  0.000)(  0.292  0.000)( -0.214  0.000)(  0.443  0.000)(  0.063  0.000)(  0.539  0.000)
   7 ( -0.604 -0.000)(  0.066  0.000)(  0.379  0.000)(  0.266  0.000)( -0.232  0.000)(  0.000  0.000)(  0.262  0.000)(  0.145  0.000)(  0.242  0.000)( -0.269  0.000)(  0.377  0.000)
   8 (  0.421 -0.000)(  0.208  0.000)( -0.050  0.000)( -0.278  0.000)( -0.241  0.000)(  0.000  0.000)( -0.148  0.000)(  0.372  0.000)( -0.115  0.000)( -0.589  0.000)(  0.348  0.000)
   9 ( -0.365 -0.000)( -0.474  0.000)( -0.321  0.000)(  0.027  0.000)(  0.419  0.000)(  0.000  0.000)( -0.236  0.000)( -0.074  0.000)( -0.326  0.000)( -0.408  0.000)(  0.171  0.000)
  10 (  0.205 -0.000)(  0.400  0.000)(  0.393  0.000)(  0.307  0.000)(  0.303  0.000)(  0.000  0.000)(  0.042  0.000)( -0.509  0.000)( -0.371  0.000)( -0.232  0.000)(  0.072  0.000)
  11 ( -0.066 -0.000)( -0.167  0.000)( -0.198  0.000)( -0.267  0.000)( -0.593  0.000)(  0.000  0.000)(  0.337  0.000)( -0.564  0.000)( -0.254  0.000)( -0.098  0.000)(  0.023  0.000)
